<?xml version="1.0" encoding="UTF-8"?>
<!-- Generated by org.testng.reporters.JUnitXMLReporter -->
<testsuite ignored="0" hostname="LAPTOP-T7BUHV08" failures="1" tests="1" name="Test" time="59.782" errors="0" timestamp="2025-05-31T17:13:28 IST">
  <testcase classname="com.nse.automation.sample.SmokeTest" name="testMethod1" time="19.512">
    <failure type="java.lang.AssertionError" message="expected [₹ 1,150.00] but found [393.50]">
      <![CDATA[java.lang.AssertionError: expected [₹ 1,150.00] but found [393.50]
at com.nse.automation.utils.Assertions.hardAssertEquals(Assertions.java:75)
at com.nse.automation.utils.Assertions.hardAssertEquals(Assertions.java:40)
at com.nse.automation.pages.StockDetailsPage.verify52WeekHighValue(StockDetailsPage.java:79)
at com.nse.automation.sample.SmokeTest.testMethod1(SmokeTest.java:38)
at java.base/java.util.concurrent.Executors$RunnableAdapter.call(Executors.java:515)
at java.base/java.util.concurrent.FutureTask.run(FutureTask.java:264)
at java.base/java.util.concurrent.ThreadPoolExecutor.runWorker(ThreadPoolExecutor.java:1128)
at java.base/java.util.concurrent.ThreadPoolExecutor$Worker.run(ThreadPoolExecutor.java:628)
at java.base/java.lang.Thread.run(Thread.java:834)
... Removed 23 stack frames]]>
    </failure>
  </testcase> <!-- testMethod1 -->
</testsuite> <!-- Test -->
