<?xml version="1.0" encoding="UTF-8"?>
<testng-results ignored="0" total="1" passed="0" failed="1" skipped="0">
  <reporter-output>
    <line>
      <![CDATA[Clicked on Stock from the Marquee with text: BEL]]>
    </line>
    <line>
      <![CDATA[Screenshot captured for test case:testMethod1]]>
    </line>
  </reporter-output>
  <suite started-at="2025-05-31T17:12:28 IST" name="Suite" finished-at="2025-05-31T17:13:28 IST" duration-ms="59782">
    <groups>
      <group name="smoke">
        <method signature="SmokeTest.testMethod1(org.testng.ITestContext)[pri:0, instance:com.nse.automation.sample.SmokeTest@1702830d]" name="testMethod1" class="com.nse.automation.sample.SmokeTest"/>
      </group> <!-- smoke -->
    </groups>
    <test started-at="2025-05-31T17:12:28 IST" name="Test" finished-at="2025-05-31T17:13:28 IST" duration-ms="59782">
      <class name="com.nse.automation.sample.SmokeTest">
        <test-method is-config="true" signature="init()[pri:0, instance:com.nse.automation.sample.SmokeTest@1702830d]" started-at="2025-05-31T17:12:28 IST" name="init" finished-at="2025-05-31T17:12:29 IST" duration-ms="55" status="PASS">
          <reporter-output>
          </reporter-output>
        </test-method> <!-- init -->
        <test-method is-config="true" signature="setUp(java.lang.reflect.Method)[pri:0, instance:com.nse.automation.sample.SmokeTest@1702830d]" started-at="2025-05-31T17:12:29 IST" name="setUp" finished-at="2025-05-31T17:12:36 IST" duration-ms="7137" status="PASS">
          <params>
            <param index="0">
              <value>
                <![CDATA[public void com.nse.automation.sample.SmokeTest.testMethod1(org.testng.ITestContext) throws com.nse.automation.exceptions.FrameworkExceptions]]>
              </value>
            </param>
          </params>
          <reporter-output>
          </reporter-output>
        </test-method> <!-- setUp -->
        <test-method signature="testMethod1(org.testng.ITestContext)[pri:0, instance:com.nse.automation.sample.SmokeTest@1702830d]" started-at="2025-05-31T17:12:36 IST" name="testMethod1" description="Verify the NSE home page and marquee section" finished-at="2025-05-31T17:12:55 IST" duration-ms="19512" status="FAIL">
          <params>
            <param index="0">
              <value>
                <![CDATA[org.testng.TestRunner@5016570f]]>
              </value>
            </param>
          </params>
          <exception class="java.lang.AssertionError">
            <message>
              <![CDATA[expected [₹ 1,150.00] but found [393.50]]]>
            </message>
            <full-stacktrace>
              <![CDATA[java.lang.AssertionError: expected [₹ 1,150.00] but found [393.50]
at org.testng.Assert.fail(Assert.java:111)
at org.testng.Assert.failNotEquals(Assert.java:1590)
at org.testng.Assert.assertEqualsImpl(Assert.java:150)
at org.testng.Assert.assertEquals(Assert.java:132)
at org.testng.Assert.assertEquals(Assert.java:656)
at org.testng.Assert.assertEquals(Assert.java:666)
at org.testng.asserts.Assertion$11.doAssert(Assertion.java:186)
at org.testng.asserts.Assertion.executeAssert(Assertion.java:25)
at org.testng.asserts.Assertion.doAssert(Assertion.java:12)
at org.testng.asserts.Assertion.assertEquals(Assertion.java:182)
at com.nse.automation.utils.Assertions.hardAssertEquals(Assertions.java:75)
at com.nse.automation.utils.Assertions.hardAssertEquals(Assertions.java:40)
at com.nse.automation.pages.StockDetailsPage.verify52WeekHighValue(StockDetailsPage.java:79)
at com.nse.automation.sample.SmokeTest.testMethod1(SmokeTest.java:38)
at java.base/jdk.internal.reflect.NativeMethodAccessorImpl.invoke0(Native Method)
at java.base/jdk.internal.reflect.NativeMethodAccessorImpl.invoke(NativeMethodAccessorImpl.java:62)
at java.base/jdk.internal.reflect.DelegatingMethodAccessorImpl.invoke(DelegatingMethodAccessorImpl.java:43)
at java.base/java.lang.reflect.Method.invoke(Method.java:566)
at org.testng.internal.invokers.MethodInvocationHelper.invokeMethod(MethodInvocationHelper.java:141)
at org.testng.internal.invokers.TestInvoker.invokeMethod(TestInvoker.java:687)
at org.testng.internal.invokers.TestInvoker.invokeTestMethod(TestInvoker.java:230)
at org.testng.internal.invokers.MethodRunner.runInSequence(MethodRunner.java:63)
at org.testng.internal.invokers.TestInvoker$MethodInvocationAgent.invoke(TestInvoker.java:995)
at org.testng.internal.invokers.TestInvoker.invokeTestMethods(TestInvoker.java:203)
at org.testng.internal.invokers.TestMethodWorker.invokeTestMethods(TestMethodWorker.java:154)
at org.testng.internal.invokers.TestMethodWorker.run(TestMethodWorker.java:134)
at java.base/java.util.concurrent.Executors$RunnableAdapter.call(Executors.java:515)
at java.base/java.util.concurrent.FutureTask.run(FutureTask.java:264)
at org.testng.internal.thread.graph.TestNGFutureTask.run(TestNGFutureTask.java:22)
at java.base/java.util.concurrent.ThreadPoolExecutor.runWorker(ThreadPoolExecutor.java:1128)
at java.base/java.util.concurrent.ThreadPoolExecutor$Worker.run(ThreadPoolExecutor.java:628)
at java.base/java.lang.Thread.run(Thread.java:834)
]]>
            </full-stacktrace>
          </exception> <!-- java.lang.AssertionError -->
          <reporter-output>
            <line>
              <![CDATA[Clicked on Stock from the Marquee with text: BEL]]>
            </line>
            <line>
              <![CDATA[Screenshot captured for test case:testMethod1]]>
            </line>
          </reporter-output>
        </test-method> <!-- testMethod1 -->
        <test-method is-config="true" signature="tearDown(java.lang.reflect.Method,org.testng.ITestResult,org.testng.ITestContext)[pri:0, instance:com.nse.automation.sample.SmokeTest@1702830d]" started-at="2025-05-31T17:13:28 IST" name="tearDown" finished-at="2025-05-31T17:13:28 IST" duration-ms="486" status="PASS">
          <params>
            <param index="0">
              <value>
                <![CDATA[public void com.nse.automation.sample.SmokeTest.testMethod1(org.testng.ITestContext) throws com.nse.automation.exceptions.FrameworkExceptions]]>
              </value>
            </param>
            <param index="1">
              <value>
                <![CDATA[[TestResult name=testMethod1 status=FAILURE method=SmokeTest.testMethod1(org.testng.ITestContext)[pri:0, instance:com.nse.automation.sample.SmokeTest@1702830d] output=Clicked on Stock from the Marquee with text: BEL]]]>
              </value>
            </param>
            <param index="2">
              <value>
                <![CDATA[org.testng.TestRunner@5016570f]]>
              </value>
            </param>
          </params>
          <reporter-output>
          </reporter-output>
        </test-method> <!-- tearDown -->
        <test-method is-config="true" signature="logoutAndCloseOpenedBrowsers()[pri:0, instance:com.nse.automation.sample.SmokeTest@1702830d]" started-at="2025-05-31T17:13:28 IST" name="logoutAndCloseOpenedBrowsers" finished-at="2025-05-31T17:13:28 IST" duration-ms="1" status="PASS">
          <reporter-output>
          </reporter-output>
        </test-method> <!-- logoutAndCloseOpenedBrowsers -->
      </class> <!-- com.nse.automation.sample.SmokeTest -->
    </test> <!-- Test -->
  </suite> <!-- Suite -->
</testng-results>
