<?xml version="1.0" encoding="UTF-8"?>
<testsuite xmlns:xsi="http://www.w3.org/2001/XMLSchema-instance" xsi:noNamespaceSchemaLocation="https://maven.apache.org/surefire/maven-surefire-plugin/xsd/surefire-test-report.xsd" version="3.0.1" name="TestSuite" time="32.877" tests="3" errors="0" skipped="0" failures="3">
  <properties>
[...]
</properties>
  <testcase name="testMethod3" classname="com.nse.automation.sample.SmokeTest" time="4.611">
    <failure message="no such element: Unable to locate element: {&quot;method&quot;:&quot;xpath&quot;,&quot;selector&quot;:&quot;//div[@class=&apos;marquee-content&apos;]/a/div[text()=&apos;BEL&apos;]&quot;}&#10;  (Session info: chrome=142.0.7444.176)&#10;For documentation on this error, please visit: https://www.selenium.dev/documentation/webdriver/troubleshooting/errors#no-such-element-exception&#10;Build info: version: &apos;4.33.0&apos;, revision: &apos;2c6aaad03a&apos;&#10;System info: os.name: &apos;Windows 10&apos;, os.arch: &apos;amd64&apos;, os.version: &apos;10.0&apos;, java.version: &apos;17.0.8&apos;&#10;Driver info: org.openqa.selenium.chrome.ChromeDriver&#10;Command: [a1bdf23f0f82f35aa42f4258519e2954, findElement {value=//div[@class=&apos;marquee-content&apos;]/a/div[text()=&apos;BEL&apos;], using=xpath}]&#10;Capabilities {acceptInsecureCerts: false, browserName: chrome, browserVersion: 142.0.7444.176, chrome: {chromedriverVersion: 142.0.7444.175 (302067f14a4..., userDataDir: C:\Users\Srikanth\AppData\L...}, fedcm:accounts: true, goog:chromeOptions: {debuggerAddress: localhost:50662}, goog:processID: 13860, networkConnectionEnabled: false, pageLoadStrategy: normal, platformName: windows, proxy: Proxy(), se:cdp: ws://localhost:50662/devtoo..., se:cdpVersion: 142.0.7444.176, setWindowRect: true, strictFileInteractability: false, timeouts: {implicit: 0, pageLoad: 300000, script: 30000}, unhandledPromptBehavior: dismiss and notify, webauthn:extension:credBlob: true, webauthn:extension:largeBlob: true, webauthn:extension:minPinLength: true, webauthn:extension:prf: true, webauthn:virtualAuthenticators: true}&#10;Session ID: a1bdf23f0f82f35aa42f4258519e2954" type="org.openqa.selenium.NoSuchElementException"><![CDATA[org.openqa.selenium.NoSuchElementException: 
no such element: Unable to locate element: {"method":"xpath","selector":"//div[@class='marquee-content']/a/div[text()='BEL']"}
  (Session info: chrome=142.0.7444.176)
For documentation on this error, please visit: https://www.selenium.dev/documentation/webdriver/troubleshooting/errors#no-such-element-exception
Build info: version: '4.33.0', revision: '2c6aaad03a'
System info: os.name: 'Windows 10', os.arch: 'amd64', os.version: '10.0', java.version: '17.0.8'
Driver info: org.openqa.selenium.chrome.ChromeDriver
Command: [a1bdf23f0f82f35aa42f4258519e2954, findElement {value=//div[@class='marquee-content']/a/div[text()='BEL'], using=xpath}]
Capabilities {acceptInsecureCerts: false, browserName: chrome, browserVersion: 142.0.7444.176, chrome: {chromedriverVersion: 142.0.7444.175 (302067f14a4..., userDataDir: C:\Users\Srikanth\AppData\L...}, fedcm:accounts: true, goog:chromeOptions: {debuggerAddress: localhost:50662}, goog:processID: 13860, networkConnectionEnabled: false, pageLoadStrategy: normal, platformName: windows, proxy: Proxy(), se:cdp: ws://localhost:50662/devtoo..., se:cdpVersion: 142.0.7444.176, setWindowRect: true, strictFileInteractability: false, timeouts: {implicit: 0, pageLoad: 300000, script: 30000}, unhandledPromptBehavior: dismiss and notify, webauthn:extension:credBlob: true, webauthn:extension:largeBlob: true, webauthn:extension:minPinLength: true, webauthn:extension:prf: true, webauthn:virtualAuthenticators: true}
Session ID: a1bdf23f0f82f35aa42f4258519e2954
	at java.base/jdk.internal.reflect.NativeConstructorAccessorImpl.newInstance0(Native Method)
	at java.base/jdk.internal.reflect.NativeConstructorAccessorImpl.newInstance(NativeConstructorAccessorImpl.java:77)
	at java.base/jdk.internal.reflect.DelegatingConstructorAccessorImpl.newInstance(DelegatingConstructorAccessorImpl.java:45)
	at java.base/java.lang.reflect.Constructor.newInstanceWithCaller(Constructor.java:499)
	at java.base/java.lang.reflect.Constructor.newInstance(Constructor.java:480)
	at org.openqa.selenium.remote.ErrorCodec.decode(ErrorCodec.java:167)
	at org.openqa.selenium.remote.codec.w3c.W3CHttpResponseCodec.decode(W3CHttpResponseCodec.java:138)
	at org.openqa.selenium.remote.codec.w3c.W3CHttpResponseCodec.decode(W3CHttpResponseCodec.java:50)
	at org.openqa.selenium.remote.HttpCommandExecutor.execute(HttpCommandExecutor.java:215)
	at org.openqa.selenium.remote.service.DriverCommandExecutor.invokeExecute(DriverCommandExecutor.java:216)
	at org.openqa.selenium.remote.service.DriverCommandExecutor.execute(DriverCommandExecutor.java:174)
	at org.openqa.selenium.remote.RemoteWebDriver.execute(RemoteWebDriver.java:544)
	at org.openqa.selenium.remote.ElementLocation$ElementFinder$2.findElement(ElementLocation.java:165)
	at org.openqa.selenium.remote.ElementLocation.findElement(ElementLocation.java:59)
	at org.openqa.selenium.remote.RemoteWebDriver.findElement(RemoteWebDriver.java:367)
	at org.openqa.selenium.remote.RemoteWebDriver.findElement(RemoteWebDriver.java:361)
	at com.nse.automation.pages.HomePage.clickOnStockfomtheMarquee(HomePage.java:94)
	at com.nse.automation.sample.SmokeTest.testMethod3(SmokeTest.java:60)
	at java.base/jdk.internal.reflect.NativeMethodAccessorImpl.invoke0(Native Method)
	at java.base/jdk.internal.reflect.NativeMethodAccessorImpl.invoke(NativeMethodAccessorImpl.java:77)
	at java.base/jdk.internal.reflect.DelegatingMethodAccessorImpl.invoke(DelegatingMethodAccessorImpl.java:43)
	at java.base/java.lang.reflect.Method.invoke(Method.java:568)
	at org.testng.internal.invokers.MethodInvocationHelper.invokeMethod(MethodInvocationHelper.java:141)
	at org.testng.internal.invokers.TestInvoker.invokeMethod(TestInvoker.java:687)
	at org.testng.internal.invokers.TestInvoker.invokeTestMethod(TestInvoker.java:230)
	at org.testng.internal.invokers.MethodRunner.runInSequence(MethodRunner.java:63)
	at org.testng.internal.invokers.TestInvoker$MethodInvocationAgent.invoke(TestInvoker.java:995)
	at org.testng.internal.invokers.TestInvoker.invokeTestMethods(TestInvoker.java:203)
	at org.testng.internal.invokers.TestMethodWorker.invokeTestMethods(TestMethodWorker.java:154)
	at org.testng.internal.invokers.TestMethodWorker.run(TestMethodWorker.java:134)
	at java.base/java.util.concurrent.Executors$RunnableAdapter.call(Executors.java:539)
	at java.base/java.util.concurrent.FutureTask.run(FutureTask.java:264)
	at org.testng.internal.thread.graph.TestNGFutureTask.run(TestNGFutureTask.java:22)
	at java.base/java.util.concurrent.ThreadPoolExecutor.runWorker(ThreadPoolExecutor.java:1136)
	at java.base/java.util.concurrent.ThreadPoolExecutor$Worker.run(ThreadPoolExecutor.java:635)
	at java.base/java.lang.Thread.run(Thread.java:833)
]]></failure>
    <system-out><![CDATA[15:51:36.203 [TestNG-test-Test-3] INFO  com.nse.automation.report.LoggerManager - ================================ TEST STARTS NOW  =========================================
15:51:36.289 [TestNG-test-Test-2] INFO  com.nse.automation.report.LoggerManager - Reading the Configuration file
15:51:36.296 [TestNG-test-Test-2] INFO  com.nse.automation.report.LoggerManager - Completed the reading of the Configuration file
15:51:44.754 [TestNG-test-Test-2] INFO  com.nse.automation.report.LoggerManager - Driver initialized for browser: chrome
15:51:44.828 [TestNG-test-Test-3] INFO  com.nse.automation.report.LoggerManager - Driver initialized for browser: chrome
15:51:44.908 [TestNG-test-Test-1] INFO  com.nse.automation.report.LoggerManager - Driver initialized for browser: chrome
15:51:45.163 [TestNG-test-Test-1] INFO  com.nse.automation.report.LoggerManager - https://www.nseindia.com/
15:51:45.164 [TestNG-test-Test-1] INFO  com.nse.automation.report.LoggerManager - ========================== TEST METHOD STARTS ============================
15:51:45.165 [TestNG-test-Test-1] INFO  com.nse.automation.report.LoggerManager - ======== SmokeTest: VerifyThe52WeeksstokHighAndLowValues =========
15:51:49.143 [TestNG-test-Test-3] INFO  com.nse.automation.report.LoggerManager - https://www.nseindia.com/
15:51:49.144 [TestNG-test-Test-3] INFO  com.nse.automation.report.LoggerManager - ========================== TEST METHOD STARTS ============================
15:51:49.145 [TestNG-test-Test-3] INFO  com.nse.automation.report.LoggerManager - ======== SmokeTest: testMethod3 =========
15:51:49.175 [TestNG-test-Test-1] INFO  com.nse.automation.report.LoggerManager - Page loaded successfully
15:51:49.236 [TestNG-test-Test-3] INFO  com.nse.automation.report.LoggerManager - Page loaded successfully
15:51:49.277 [TestNG-test-Test-3] INFO  com.nse.automation.report.LoggerManager - Page loaded successfully
15:51:49.277 [TestNG-test-Test-1] INFO  com.nse.automation.report.LoggerManager - Page loaded successfully
15:51:49.450 [TestNG-test-Test-2] INFO  com.nse.automation.report.LoggerManager - https://www.nseindia.com/
15:51:49.450 [TestNG-test-Test-2] INFO  com.nse.automation.report.LoggerManager - ========================== TEST METHOD STARTS ============================
15:51:49.451 [TestNG-test-Test-2] INFO  com.nse.automation.report.LoggerManager - ======== SmokeTest: testMethod2 =========
15:51:49.511 [TestNG-test-Test-2] INFO  com.nse.automation.report.LoggerManager - Page loaded successfully
15:51:49.554 [TestNG-test-Test-2] INFO  com.nse.automation.report.LoggerManager - Page loaded successfully
15:51:51.733 [TestNG-test-Test-1] INFO  com.nse.automation.report.LoggerManager - Home Banner is displayed
15:51:51.733 [TestNG-test-Test-3] INFO  com.nse.automation.report.LoggerManager - Home Banner is displayed
15:51:51.752 [TestNG-test-Test-3] INFO  com.nse.automation.report.LoggerManager - Page loaded successfully
15:51:51.752 [TestNG-test-Test-1] INFO  com.nse.automation.report.LoggerManager - Page loaded successfully
15:51:51.784 [TestNG-test-Test-2] INFO  com.nse.automation.report.LoggerManager - Home Banner is displayed
15:51:51.803 [TestNG-test-Test-2] INFO  com.nse.automation.report.LoggerManager - Page loaded successfully
15:51:51.855 [TestNG-test-Test-3] ERROR com.nse.automation.report.LoggerManager - java.lang.ArrayIndexOutOfBoundsException: Index 0 out of bounds for length 0
15:51:51.857 [TestNG-test-Test-1] ERROR com.nse.automation.report.LoggerManager - java.lang.ArrayIndexOutOfBoundsException: Index 0 out of bounds for length 0
15:51:51.897 [TestNG-test-Test-2] ERROR com.nse.automation.report.LoggerManager - java.lang.ArrayIndexOutOfBoundsException: Index 0 out of bounds for length 0
15:51:53.949 [TestNG-test-Test-3] INFO  com.nse.automation.report.LoggerManager - Marquee Section is displayed
15:51:53.950 [TestNG-test-Test-1] INFO  com.nse.automation.report.LoggerManager - Marquee Section is displayed
15:51:53.970 [TestNG-test-Test-3] INFO  com.nse.automation.report.LoggerManager - Page loaded successfully
15:51:53.974 [TestNG-test-Test-1] INFO  com.nse.automation.report.LoggerManager - Page loaded successfully
15:51:54.021 [TestNG-test-Test-2] INFO  com.nse.automation.report.LoggerManager - Marquee Section is displayed
15:51:54.049 [TestNG-test-Test-2] INFO  com.nse.automation.report.LoggerManager - Page loaded successfully
]]></system-out>
    <system-err><![CDATA[SLF4J(W): No SLF4J providers were found.
SLF4J(W): Defaulting to no-operation (NOP) logger implementation
SLF4J(W): See https://www.slf4j.org/codes.html#noProviders for further details.
SLF4J(W): Class path contains SLF4J bindings targeting slf4j-api versions 1.7.x or earlier.
SLF4J(W): Ignoring binding found at [jar:file:/C:/Users/Srikanth/.m2/repository/ch/qos/logback/logback-classic/1.2.11/logback-classic-1.2.11.jar!/org/slf4j/impl/StaticLoggerBinder.class]
SLF4J(W): See https://www.slf4j.org/codes.html#ignoredBindings for an explanation.
Nov 29, 2025 3:51:42 PM org.openqa.selenium.devtools.CdpVersionFinder findNearestMatch
WARNING: Unable to find CDP implementation matching 142
Nov 29, 2025 3:51:42 PM org.openqa.selenium.devtools.CdpVersionFinder findNearestMatch
WARNING: Unable to find CDP implementation matching 142
Nov 29, 2025 3:51:42 PM org.openqa.selenium.chromium.ChromiumDriver lambda$new$4
WARNING: Unable to find version of CDP to use for 142.0.7444.176. You may need to include a dependency on a specific version of the CDP using something similar to `org.seleniumhq.selenium:selenium-devtools-v86:4.33.0` where the version ("v86") matches the version of the chromium-based browser you're using and the version number of the artifact is the same as Selenium's.
Nov 29, 2025 3:51:42 PM org.openqa.selenium.devtools.CdpVersionFinder findNearestMatch
WARNING: Unable to find CDP implementation matching 142
Nov 29, 2025 3:51:42 PM org.openqa.selenium.chromium.ChromiumDriver lambda$new$4
WARNING: Unable to find version of CDP to use for 142.0.7444.176. You may need to include a dependency on a specific version of the CDP using something similar to `org.seleniumhq.selenium:selenium-devtools-v86:4.33.0` where the version ("v86") matches the version of the chromium-based browser you're using and the version number of the artifact is the same as Selenium's.
Nov 29, 2025 3:51:42 PM org.openqa.selenium.chromium.ChromiumDriver lambda$new$4
WARNING: Unable to find version of CDP to use for 142.0.7444.176. You may need to include a dependency on a specific version of the CDP using something similar to `org.seleniumhq.selenium:selenium-devtools-v86:4.33.0` where the version ("v86") matches the version of the chromium-based browser you're using and the version number of the artifact is the same as Selenium's.
]]></system-err>
  </testcase>
  <testcase name="testMethod2" classname="com.nse.automation.sample.SmokeTest" time="4.631">
    <failure message="no such element: Unable to locate element: {&quot;method&quot;:&quot;xpath&quot;,&quot;selector&quot;:&quot;//div[@class=&apos;marquee-content&apos;]/a/div[text()=&apos;BEL&apos;]&quot;}&#10;  (Session info: chrome=142.0.7444.176)&#10;For documentation on this error, please visit: https://www.selenium.dev/documentation/webdriver/troubleshooting/errors#no-such-element-exception&#10;Build info: version: &apos;4.33.0&apos;, revision: &apos;2c6aaad03a&apos;&#10;System info: os.name: &apos;Windows 10&apos;, os.arch: &apos;amd64&apos;, os.version: &apos;10.0&apos;, java.version: &apos;17.0.8&apos;&#10;Driver info: org.openqa.selenium.chrome.ChromeDriver&#10;Command: [299548733dd4af5640a2235a27ff0d69, findElement {value=//div[@class=&apos;marquee-content&apos;]/a/div[text()=&apos;BEL&apos;], using=xpath}]&#10;Capabilities {acceptInsecureCerts: false, browserName: chrome, browserVersion: 142.0.7444.176, chrome: {chromedriverVersion: 142.0.7444.175 (302067f14a4..., userDataDir: C:\Users\Srikanth\AppData\L...}, fedcm:accounts: true, goog:chromeOptions: {debuggerAddress: localhost:50661}, goog:processID: 11436, networkConnectionEnabled: false, pageLoadStrategy: normal, platformName: windows, proxy: Proxy(), se:cdp: ws://localhost:50661/devtoo..., se:cdpVersion: 142.0.7444.176, setWindowRect: true, strictFileInteractability: false, timeouts: {implicit: 0, pageLoad: 300000, script: 30000}, unhandledPromptBehavior: dismiss and notify, webauthn:extension:credBlob: true, webauthn:extension:largeBlob: true, webauthn:extension:minPinLength: true, webauthn:extension:prf: true, webauthn:virtualAuthenticators: true}&#10;Session ID: 299548733dd4af5640a2235a27ff0d69" type="org.openqa.selenium.NoSuchElementException"><![CDATA[org.openqa.selenium.NoSuchElementException: 
no such element: Unable to locate element: {"method":"xpath","selector":"//div[@class='marquee-content']/a/div[text()='BEL']"}
  (Session info: chrome=142.0.7444.176)
For documentation on this error, please visit: https://www.selenium.dev/documentation/webdriver/troubleshooting/errors#no-such-element-exception
Build info: version: '4.33.0', revision: '2c6aaad03a'
System info: os.name: 'Windows 10', os.arch: 'amd64', os.version: '10.0', java.version: '17.0.8'
Driver info: org.openqa.selenium.chrome.ChromeDriver
Command: [299548733dd4af5640a2235a27ff0d69, findElement {value=//div[@class='marquee-content']/a/div[text()='BEL'], using=xpath}]
Capabilities {acceptInsecureCerts: false, browserName: chrome, browserVersion: 142.0.7444.176, chrome: {chromedriverVersion: 142.0.7444.175 (302067f14a4..., userDataDir: C:\Users\Srikanth\AppData\L...}, fedcm:accounts: true, goog:chromeOptions: {debuggerAddress: localhost:50661}, goog:processID: 11436, networkConnectionEnabled: false, pageLoadStrategy: normal, platformName: windows, proxy: Proxy(), se:cdp: ws://localhost:50661/devtoo..., se:cdpVersion: 142.0.7444.176, setWindowRect: true, strictFileInteractability: false, timeouts: {implicit: 0, pageLoad: 300000, script: 30000}, unhandledPromptBehavior: dismiss and notify, webauthn:extension:credBlob: true, webauthn:extension:largeBlob: true, webauthn:extension:minPinLength: true, webauthn:extension:prf: true, webauthn:virtualAuthenticators: true}
Session ID: 299548733dd4af5640a2235a27ff0d69
	at java.base/jdk.internal.reflect.NativeConstructorAccessorImpl.newInstance0(Native Method)
	at java.base/jdk.internal.reflect.NativeConstructorAccessorImpl.newInstance(NativeConstructorAccessorImpl.java:77)
	at java.base/jdk.internal.reflect.DelegatingConstructorAccessorImpl.newInstance(DelegatingConstructorAccessorImpl.java:45)
	at java.base/java.lang.reflect.Constructor.newInstanceWithCaller(Constructor.java:499)
	at java.base/java.lang.reflect.Constructor.newInstance(Constructor.java:480)
	at org.openqa.selenium.remote.ErrorCodec.decode(ErrorCodec.java:167)
	at org.openqa.selenium.remote.codec.w3c.W3CHttpResponseCodec.decode(W3CHttpResponseCodec.java:138)
	at org.openqa.selenium.remote.codec.w3c.W3CHttpResponseCodec.decode(W3CHttpResponseCodec.java:50)
	at org.openqa.selenium.remote.HttpCommandExecutor.execute(HttpCommandExecutor.java:215)
	at org.openqa.selenium.remote.service.DriverCommandExecutor.invokeExecute(DriverCommandExecutor.java:216)
	at org.openqa.selenium.remote.service.DriverCommandExecutor.execute(DriverCommandExecutor.java:174)
	at org.openqa.selenium.remote.RemoteWebDriver.execute(RemoteWebDriver.java:544)
	at org.openqa.selenium.remote.ElementLocation$ElementFinder$2.findElement(ElementLocation.java:165)
	at org.openqa.selenium.remote.ElementLocation.findElement(ElementLocation.java:59)
	at org.openqa.selenium.remote.RemoteWebDriver.findElement(RemoteWebDriver.java:367)
	at org.openqa.selenium.remote.RemoteWebDriver.findElement(RemoteWebDriver.java:361)
	at com.nse.automation.pages.HomePage.clickOnStockfomtheMarquee(HomePage.java:94)
	at com.nse.automation.sample.SmokeTest.testMethod2(SmokeTest.java:49)
	at java.base/jdk.internal.reflect.NativeMethodAccessorImpl.invoke0(Native Method)
	at java.base/jdk.internal.reflect.NativeMethodAccessorImpl.invoke(NativeMethodAccessorImpl.java:77)
	at java.base/jdk.internal.reflect.DelegatingMethodAccessorImpl.invoke(DelegatingMethodAccessorImpl.java:43)
	at java.base/java.lang.reflect.Method.invoke(Method.java:568)
	at org.testng.internal.invokers.MethodInvocationHelper.invokeMethod(MethodInvocationHelper.java:141)
	at org.testng.internal.invokers.TestInvoker.invokeMethod(TestInvoker.java:687)
	at org.testng.internal.invokers.TestInvoker.invokeTestMethod(TestInvoker.java:230)
	at org.testng.internal.invokers.MethodRunner.runInSequence(MethodRunner.java:63)
	at org.testng.internal.invokers.TestInvoker$MethodInvocationAgent.invoke(TestInvoker.java:995)
	at org.testng.internal.invokers.TestInvoker.invokeTestMethods(TestInvoker.java:203)
	at org.testng.internal.invokers.TestMethodWorker.invokeTestMethods(TestMethodWorker.java:154)
	at org.testng.internal.invokers.TestMethodWorker.run(TestMethodWorker.java:134)
	at java.base/java.util.concurrent.Executors$RunnableAdapter.call(Executors.java:539)
	at java.base/java.util.concurrent.FutureTask.run(FutureTask.java:264)
	at org.testng.internal.thread.graph.TestNGFutureTask.run(TestNGFutureTask.java:22)
	at java.base/java.util.concurrent.ThreadPoolExecutor.runWorker(ThreadPoolExecutor.java:1136)
	at java.base/java.util.concurrent.ThreadPoolExecutor$Worker.run(ThreadPoolExecutor.java:635)
	at java.base/java.lang.Thread.run(Thread.java:833)
]]></failure>
  </testcase>
  <testcase name="VerifyThe52WeeksstokHighAndLowValues[org.testng.TestRunner@770507fa](1)" classname="com.nse.automation.sample.SmokeTest" time="14.536">
    <failure message="no such element: Unable to locate element: {&quot;method&quot;:&quot;xpath&quot;,&quot;selector&quot;:&quot;//div[@class=&apos;marquee-content&apos;]/a/div[text()=&apos;BEL&apos;]&quot;}&#10;  (Session info: chrome=142.0.7444.176)&#10;For documentation on this error, please visit: https://www.selenium.dev/documentation/webdriver/troubleshooting/errors#no-such-element-exception&#10;Build info: version: &apos;4.33.0&apos;, revision: &apos;2c6aaad03a&apos;&#10;System info: os.name: &apos;Windows 10&apos;, os.arch: &apos;amd64&apos;, os.version: &apos;10.0&apos;, java.version: &apos;17.0.8&apos;&#10;Driver info: org.openqa.selenium.chrome.ChromeDriver&#10;Command: [b76c2e6918c86f5f6632b8c670250a96, findElement {value=//div[@class=&apos;marquee-content&apos;]/a/div[text()=&apos;BEL&apos;], using=xpath}]&#10;Capabilities {acceptInsecureCerts: false, browserName: chrome, browserVersion: 142.0.7444.176, chrome: {chromedriverVersion: 142.0.7444.175 (302067f14a4..., userDataDir: C:\Users\Srikanth\AppData\L...}, fedcm:accounts: true, goog:chromeOptions: {debuggerAddress: localhost:50660}, goog:processID: 14936, networkConnectionEnabled: false, pageLoadStrategy: normal, platformName: windows, proxy: Proxy(), se:cdp: ws://localhost:50660/devtoo..., se:cdpVersion: 142.0.7444.176, setWindowRect: true, strictFileInteractability: false, timeouts: {implicit: 0, pageLoad: 300000, script: 30000}, unhandledPromptBehavior: dismiss and notify, webauthn:extension:credBlob: true, webauthn:extension:largeBlob: true, webauthn:extension:minPinLength: true, webauthn:extension:prf: true, webauthn:virtualAuthenticators: true}&#10;Session ID: b76c2e6918c86f5f6632b8c670250a96" type="org.openqa.selenium.NoSuchElementException"><![CDATA[org.openqa.selenium.NoSuchElementException: 
no such element: Unable to locate element: {"method":"xpath","selector":"//div[@class='marquee-content']/a/div[text()='BEL']"}
  (Session info: chrome=142.0.7444.176)
For documentation on this error, please visit: https://www.selenium.dev/documentation/webdriver/troubleshooting/errors#no-such-element-exception
Build info: version: '4.33.0', revision: '2c6aaad03a'
System info: os.name: 'Windows 10', os.arch: 'amd64', os.version: '10.0', java.version: '17.0.8'
Driver info: org.openqa.selenium.chrome.ChromeDriver
Command: [b76c2e6918c86f5f6632b8c670250a96, findElement {value=//div[@class='marquee-content']/a/div[text()='BEL'], using=xpath}]
Capabilities {acceptInsecureCerts: false, browserName: chrome, browserVersion: 142.0.7444.176, chrome: {chromedriverVersion: 142.0.7444.175 (302067f14a4..., userDataDir: C:\Users\Srikanth\AppData\L...}, fedcm:accounts: true, goog:chromeOptions: {debuggerAddress: localhost:50660}, goog:processID: 14936, networkConnectionEnabled: false, pageLoadStrategy: normal, platformName: windows, proxy: Proxy(), se:cdp: ws://localhost:50660/devtoo..., se:cdpVersion: 142.0.7444.176, setWindowRect: true, strictFileInteractability: false, timeouts: {implicit: 0, pageLoad: 300000, script: 30000}, unhandledPromptBehavior: dismiss and notify, webauthn:extension:credBlob: true, webauthn:extension:largeBlob: true, webauthn:extension:minPinLength: true, webauthn:extension:prf: true, webauthn:virtualAuthenticators: true}
Session ID: b76c2e6918c86f5f6632b8c670250a96
	at java.base/jdk.internal.reflect.NativeConstructorAccessorImpl.newInstance0(Native Method)
	at java.base/jdk.internal.reflect.NativeConstructorAccessorImpl.newInstance(NativeConstructorAccessorImpl.java:77)
	at java.base/jdk.internal.reflect.DelegatingConstructorAccessorImpl.newInstance(DelegatingConstructorAccessorImpl.java:45)
	at java.base/java.lang.reflect.Constructor.newInstanceWithCaller(Constructor.java:499)
	at java.base/java.lang.reflect.Constructor.newInstance(Constructor.java:480)
	at org.openqa.selenium.remote.ErrorCodec.decode(ErrorCodec.java:167)
	at org.openqa.selenium.remote.codec.w3c.W3CHttpResponseCodec.decode(W3CHttpResponseCodec.java:138)
	at org.openqa.selenium.remote.codec.w3c.W3CHttpResponseCodec.decode(W3CHttpResponseCodec.java:50)
	at org.openqa.selenium.remote.HttpCommandExecutor.execute(HttpCommandExecutor.java:215)
	at org.openqa.selenium.remote.service.DriverCommandExecutor.invokeExecute(DriverCommandExecutor.java:216)
	at org.openqa.selenium.remote.service.DriverCommandExecutor.execute(DriverCommandExecutor.java:174)
	at org.openqa.selenium.remote.RemoteWebDriver.execute(RemoteWebDriver.java:544)
	at org.openqa.selenium.remote.ElementLocation$ElementFinder$2.findElement(ElementLocation.java:165)
	at org.openqa.selenium.remote.ElementLocation.findElement(ElementLocation.java:59)
	at org.openqa.selenium.remote.RemoteWebDriver.findElement(RemoteWebDriver.java:367)
	at org.openqa.selenium.remote.RemoteWebDriver.findElement(RemoteWebDriver.java:361)
	at com.nse.automation.pages.HomePage.clickOnStockfomtheMarquee(HomePage.java:94)
	at com.nse.automation.sample.SmokeTest.VerifyThe52WeeksstokHighAndLowValues(SmokeTest.java:35)
	at java.base/jdk.internal.reflect.NativeMethodAccessorImpl.invoke0(Native Method)
	at java.base/jdk.internal.reflect.NativeMethodAccessorImpl.invoke(NativeMethodAccessorImpl.java:77)
	at java.base/jdk.internal.reflect.DelegatingMethodAccessorImpl.invoke(DelegatingMethodAccessorImpl.java:43)
	at java.base/java.lang.reflect.Method.invoke(Method.java:568)
	at org.testng.internal.invokers.MethodInvocationHelper.invokeMethod(MethodInvocationHelper.java:141)
	at org.testng.internal.invokers.TestInvoker.invokeMethod(TestInvoker.java:687)
	at org.testng.internal.invokers.TestInvoker.invokeTestMethod(TestInvoker.java:230)
	at org.testng.internal.invokers.MethodRunner.runInSequence(MethodRunner.java:63)
	at org.testng.internal.invokers.TestInvoker$MethodInvocationAgent.invoke(TestInvoker.java:995)
	at org.testng.internal.invokers.TestInvoker.invokeTestMethods(TestInvoker.java:203)
	at org.testng.internal.invokers.TestMethodWorker.invokeTestMethods(TestMethodWorker.java:154)
	at org.testng.internal.invokers.TestMethodWorker.run(TestMethodWorker.java:134)
	at java.base/java.util.concurrent.Executors$RunnableAdapter.call(Executors.java:539)
	at java.base/java.util.concurrent.FutureTask.run(FutureTask.java:264)
	at org.testng.internal.thread.graph.TestNGFutureTask.run(TestNGFutureTask.java:22)
	at java.base/java.util.concurrent.ThreadPoolExecutor.runWorker(ThreadPoolExecutor.java:1136)
	at java.base/java.util.concurrent.ThreadPoolExecutor$Worker.run(ThreadPoolExecutor.java:635)
	at java.base/java.lang.Thread.run(Thread.java:833)
]]></failure>
    <system-out><![CDATA[15:51:55.691 [TestNG-test-Test-2] INFO  com.nse.automation.report.LoggerManager - Screenshot taken for failed method testMethod2
15:51:55.714 [TestNG-test-Test-3] INFO  com.nse.automation.report.LoggerManager - Screenshot taken for failed method testMethod3
15:51:56.057 [TestNG-test-Test-2] INFO  com.nse.automation.report.LoggerManager - Closed the browser for thread: 24
15:51:56.057 [TestNG-test-Test-2] INFO  com.nse.automation.report.LoggerManager - ================================ TEST METHOD ENDS  =========================================
15:51:56.134 [TestNG-test-Test-3] INFO  com.nse.automation.report.LoggerManager - Closed the browser for thread: 25
15:51:56.135 [TestNG-test-Test-3] INFO  com.nse.automation.report.LoggerManager - ================================ TEST METHOD ENDS  =========================================
]]></system-out>
  </testcase>
</testsuite>